<?xml version="1.0" encoding="UTF-8"?>
<testsuite name="com.bfl.bot.LinebotbflApplicationTests" tests="1" skipped="0" failures="0" errors="0" timestamp="2020-05-21T11:30:10" hostname="DESKTOP-P2KH4S0" time="0.595">
  <properties/>
  <testcase name="contextLoads()" classname="com.bfl.bot.LinebotbflApplicationTests" time="0.595"/>
  <system-out><![CDATA[15:30:00.510 [Test worker] DEBUG org.springframework.test.context.BootstrapUtils - Instantiating CacheAwareContextLoaderDelegate from class [org.springframework.test.context.cache.DefaultCacheAwareContextLoaderDelegate]
15:30:00.557 [Test worker] DEBUG org.springframework.test.context.BootstrapUtils - Instantiating BootstrapContext using constructor [public org.springframework.test.context.support.DefaultBootstrapContext(java.lang.Class,org.springframework.test.context.CacheAwareContextLoaderDelegate)]
15:30:00.676 [Test worker] DEBUG org.springframework.test.context.BootstrapUtils - Instantiating TestContextBootstrapper for test class [com.bfl.bot.LinebotbflApplicationTests] from class [org.springframework.boot.test.context.SpringBootTestContextBootstrapper]
15:30:00.727 [Test worker] INFO org.springframework.boot.test.context.SpringBootTestContextBootstrapper - Neither @ContextConfiguration nor @ContextHierarchy found for test class [com.bfl.bot.LinebotbflApplicationTests], using SpringBootContextLoader
15:30:00.740 [Test worker] DEBUG org.springframework.test.context.support.AbstractContextLoader - Did not detect default resource location for test class [com.bfl.bot.LinebotbflApplicationTests]: class path resource [com/bfl/bot/LinebotbflApplicationTests-context.xml] does not exist
15:30:00.744 [Test worker] DEBUG org.springframework.test.context.support.AbstractContextLoader - Did not detect default resource location for test class [com.bfl.bot.LinebotbflApplicationTests]: class path resource [com/bfl/bot/LinebotbflApplicationTestsContext.groovy] does not exist
15:30:00.745 [Test worker] INFO org.springframework.test.context.support.AbstractContextLoader - Could not detect default resource locations for test class [com.bfl.bot.LinebotbflApplicationTests]: no resource found for suffixes {-context.xml, Context.groovy}.
15:30:00.747 [Test worker] INFO org.springframework.test.context.support.AnnotationConfigContextLoaderUtils - Could not detect default configuration classes for test class [com.bfl.bot.LinebotbflApplicationTests]: LinebotbflApplicationTests does not declare any static, non-private, non-final, nested classes annotated with @Configuration.
15:30:00.921 [Test worker] DEBUG org.springframework.test.context.support.ActiveProfilesUtils - Could not find an 'annotation declaring class' for annotation type [org.springframework.test.context.ActiveProfiles] and class [com.bfl.bot.LinebotbflApplicationTests]
15:30:01.149 [Test worker] DEBUG org.springframework.context.annotation.ClassPathScanningCandidateComponentProvider - Identified candidate component class: file [C:\Users\Jamaal\Documents\Projects\Java-ws\linebotbfl\build\classes\java\main\com\bfl\bot\LinebotbflApplication.class]
15:30:01.155 [Test worker] INFO org.springframework.boot.test.context.SpringBootTestContextBootstrapper - Found @SpringBootConfiguration com.bfl.bot.LinebotbflApplication for test class com.bfl.bot.LinebotbflApplicationTests
15:30:01.805 [Test worker] DEBUG org.springframework.boot.test.context.SpringBootTestContextBootstrapper - @TestExecutionListeners is not present for class [com.bfl.bot.LinebotbflApplicationTests]: using defaults.
15:30:01.807 [Test worker] INFO org.springframework.boot.test.context.SpringBootTestContextBootstrapper - Loaded default TestExecutionListener class names from location [META-INF/spring.factories]: [org.springframework.boot.test.autoconfigure.restdocs.RestDocsTestExecutionListener, org.springframework.boot.test.autoconfigure.web.client.MockRestServiceServerResetTestExecutionListener, org.springframework.boot.test.autoconfigure.web.servlet.MockMvcPrintOnlyOnFailureTestExecutionListener, org.springframework.boot.test.autoconfigure.web.servlet.WebDriverTestExecutionListener, org.springframework.boot.test.autoconfigure.webservices.client.MockWebServiceServerTestExecutionListener, org.springframework.boot.test.mock.mockito.MockitoTestExecutionListener, org.springframework.boot.test.mock.mockito.ResetMocksTestExecutionListener, org.springframework.test.context.web.ServletTestExecutionListener, org.springframework.test.context.support.DirtiesContextBeforeModesTestExecutionListener, org.springframework.test.context.support.DependencyInjectionTestExecutionListener, org.springframework.test.context.support.DirtiesContextTestExecutionListener, org.springframework.test.context.transaction.TransactionalTestExecutionListener, org.springframework.test.context.jdbc.SqlScriptsTestExecutionListener, org.springframework.test.context.event.EventPublishingTestExecutionListener]
15:30:01.851 [Test worker] DEBUG org.springframework.boot.test.context.SpringBootTestContextBootstrapper - Skipping candidate TestExecutionListener [org.springframework.test.context.transaction.TransactionalTestExecutionListener] due to a missing dependency. Specify custom listener classes or make the default listener classes and their required dependencies available. Offending class: [org/springframework/transaction/interceptor/TransactionAttributeSource]
15:30:01.853 [Test worker] DEBUG org.springframework.boot.test.context.SpringBootTestContextBootstrapper - Skipping candidate TestExecutionListener [org.springframework.test.context.jdbc.SqlScriptsTestExecutionListener] due to a missing dependency. Specify custom listener classes or make the default listener classes and their required dependencies available. Offending class: [org/springframework/transaction/interceptor/TransactionAttribute]
15:30:01.855 [Test worker] INFO org.springframework.boot.test.context.SpringBootTestContextBootstrapper - Using TestExecutionListeners: [org.springframework.test.context.web.ServletTestExecutionListener@653b755e, org.springframework.test.context.support.DirtiesContextBeforeModesTestExecutionListener@30cea53b, org.springframework.boot.test.mock.mockito.MockitoTestExecutionListener@49832655, org.springframework.boot.test.autoconfigure.SpringBootDependencyInjectionTestExecutionListener@74ee549e, org.springframework.test.context.support.DirtiesContextTestExecutionListener@4ac15ed8, org.springframework.test.context.event.EventPublishingTestExecutionListener@f63cdc6, org.springframework.boot.test.autoconfigure.restdocs.RestDocsTestExecutionListener@5f02f3f1, org.springframework.boot.test.autoconfigure.web.client.MockRestServiceServerResetTestExecutionListener@59ce062b, org.springframework.boot.test.autoconfigure.web.servlet.MockMvcPrintOnlyOnFailureTestExecutionListener@19b9a454, org.springframework.boot.test.autoconfigure.web.servlet.WebDriverTestExecutionListener@8a55758, org.springframework.boot.test.autoconfigure.webservices.client.MockWebServiceServerTestExecutionListener@40f0b0c6, org.springframework.boot.test.mock.mockito.ResetMocksTestExecutionListener@692609ad]
15:30:01.872 [Test worker] DEBUG org.springframework.test.context.support.AbstractDirtiesContextTestExecutionListener - Before test class: context [DefaultTestContext@3bb13e8 testClass = LinebotbflApplicationTests, testInstance = [null], testMethod = [null], testException = [null], mergedContextConfiguration = [WebMergedContextConfiguration@306ea45e testClass = LinebotbflApplicationTests, locations = '{}', classes = '{class com.bfl.bot.LinebotbflApplication}', contextInitializerClasses = '[]', activeProfiles = '{}', propertySourceLocations = '{}', propertySourceProperties = '{org.springframework.boot.test.context.SpringBootTestContextBootstrapper=true}', contextCustomizers = set[org.springframework.boot.test.autoconfigure.properties.PropertyMappingContextCustomizer@0, org.springframework.boot.test.autoconfigure.web.servlet.WebDriverContextCustomizerFactory$Customizer@72f37958, org.springframework.boot.test.context.filter.ExcludeFilterContextCustomizer@77f8bc01, org.springframework.boot.test.json.DuplicateJsonObjectContextCustomizerFactory$DuplicateJsonObjectContextCustomizer@37d9a97d, org.springframework.boot.test.mock.mockito.MockitoContextCustomizer@0, org.springframework.boot.test.web.client.TestRestTemplateContextCustomizer@505e4a0b, org.springframework.boot.test.context.SpringBootTestArgs@1], resourceBasePath = 'src/main/webapp', contextLoader = 'org.springframework.boot.test.context.SpringBootContextLoader', parent = [null]], attributes = map['org.springframework.test.context.web.ServletTestExecutionListener.activateListener' -> true]], class annotated with @DirtiesContext [false] with mode [null].
15:30:01.971 [Test worker] DEBUG org.springframework.test.context.support.TestPropertySourceUtils - Adding inlined properties to environment: {spring.jmx.enabled=false, org.springframework.boot.test.context.SpringBootTestContextBootstrapper=true}

  .   ____          _            __ _ _
 /\\ / ___'_ __ _ _(_)_ __  __ _ \ \ \ \
( ( )\___ | '_ | '_| | '_ \/ _` | \ \ \ \
 \\/  ___)| |_)| | | | | || (_| |  ) ) ) )
  '  |____| .__|_| |_|_| |_\__, | / / / /
 =========|_|==============|___/=/_/_/_/
 :: Spring Boot ::        (v2.3.0.RELEASE)

2020-05-21 15:30:03.606  INFO 15100 --- [    Test worker] com.bfl.bot.LinebotbflApplicationTests   : Starting LinebotbflApplicationTests on DESKTOP-P2KH4S0 with PID 15100 (started by Jamaal in C:\Users\Jamaal\Documents\Projects\Java-ws\linebotbfl)
2020-05-21 15:30:03.610  INFO 15100 --- [    Test worker] com.bfl.bot.LinebotbflApplicationTests   : No active profile set, falling back to default profiles: default
2020-05-21 15:30:07.938  INFO 15100 --- [    Test worker] o.s.s.concurrent.ThreadPoolTaskExecutor  : Initializing ExecutorService 'applicationTaskExecutor'
2020-05-21 15:30:10.628  INFO 15100 --- [    Test worker] c.l.b.s.b.s.LineMessageHandlerSupport    : Registered LINE Messaging API event handler: count = 2
2020-05-21 15:30:10.633  INFO 15100 --- [    Test worker] c.l.b.s.b.s.LineMessageHandlerSupport    : Mapped "[MessageEvent<TextMessageContent>]" onto public com.linecorp.bot.model.message.TextMessage com.bfl.bot.LinebotbflApplication.handleTextMessageEvent(com.linecorp.bot.model.event.MessageEvent<com.linecorp.bot.model.event.message.TextMessageContent>)
2020-05-21 15:30:10.634  INFO 15100 --- [    Test worker] c.l.b.s.b.s.LineMessageHandlerSupport    : Mapped "[Event]" onto public void com.bfl.bot.LinebotbflApplication.handleDefaultMessageEvent(com.linecorp.bot.model.event.Event)
2020-05-21 15:30:10.655  INFO 15100 --- [    Test worker] com.bfl.bot.LinebotbflApplicationTests   : Started LinebotbflApplicationTests in 8.652 seconds (JVM running for 14.923)
]]></system-out>
  <system-err><![CDATA[]]></system-err>
</testsuite>
